<?xml version="1.0" encoding="UTF-8"?>
<testng-results ignored="0" total="1" passed="1" failed="0" skipped="0">
  <reporter-output>
  </reporter-output>
  <suite started-at="2026-01-11T20:55:21 IST" name="Suite" finished-at="2026-01-11T20:55:37 IST" duration-ms="16236">
    <groups>
    </groups>
    <test started-at="2026-01-11T20:55:21 IST" name="ChromeTests" finished-at="2026-01-11T20:55:37 IST" duration-ms="16236">
      <class name="QAtests.Testcase1">
        <test-method is-config="true" signature="beforeTestmethod()[pri:0, instance:QAtests.Testcase1@2e55dd0c]" started-at="2026-01-11T20:55:21 IST" name="beforeTestmethod" finished-at="2026-01-11T20:55:21 IST" duration-ms="257" status="PASS">
          <reporter-output>
          </reporter-output>
        </test-method> <!-- beforeTestmethod -->
        <test-method is-config="true" signature="beforeMethodMethod(java.lang.String,java.lang.reflect.Method)[pri:0, instance:QAtests.Testcase1@2e55dd0c]" started-at="2026-01-11T20:55:21 IST" name="beforeMethodMethod" finished-at="2026-01-11T20:55:29 IST" duration-ms="7415" status="PASS">
          <params>
            <param index="0">
              <value>
                <![CDATA[chrome]]>
              </value>
            </param>
            <param index="1">
              <value>
                <![CDATA[public void QAtests.Testcase1.samplemethodForEnterningCredentails()]]>
              </value>
            </param>
          </params>
          <reporter-output>
          </reporter-output>
        </test-method> <!-- beforeMethodMethod -->
        <test-method signature="samplemethodForEnterningCredentails()[pri:0, instance:QAtests.Testcase1@2e55dd0c]" started-at="2026-01-11T20:55:29 IST" name="samplemethodForEnterningCredentails" finished-at="2026-01-11T20:55:37 IST" duration-ms="7861" status="PASS">
          <reporter-output>
          </reporter-output>
        </test-method> <!-- samplemethodForEnterningCredentails -->
        <test-method is-config="true" signature="aftertestMethod(org.testng.ITestResult)[pri:0, instance:QAtests.Testcase1@2e55dd0c]" started-at="2026-01-11T20:55:37 IST" name="aftertestMethod" finished-at="2026-01-11T20:55:37 IST" duration-ms="330" status="PASS">
          <params>
            <param index="0">
              <value>
                <![CDATA[[TestResult name=samplemethodForEnterningCredentails status=SUCCESS method=Testcase1.samplemethodForEnterningCredentails()[pri:0, instance:QAtests.Testcase1@2e55dd0c] output={null}]]]>
              </value>
            </param>
          </params>
          <reporter-output>
          </reporter-output>
        </test-method> <!-- aftertestMethod -->
        <test-method is-config="true" signature="aftertest()[pri:0, instance:QAtests.Testcase1@2e55dd0c]" started-at="2026-01-11T20:55:37 IST" name="aftertest" finished-at="2026-01-11T20:55:37 IST" duration-ms="333" status="PASS">
          <reporter-output>
          </reporter-output>
        </test-method> <!-- aftertest -->
      </class> <!-- QAtests.Testcase1 -->
    </test> <!-- ChromeTests -->
  </suite> <!-- Suite -->
</testng-results>
