<?xml version="1.0" encoding="UTF-8"?>
<testng-results ignored="0" total="1" passed="1" failed="0" skipped="0">
  <reporter-output>
  </reporter-output>
  <suite started-at="2025-12-21T12:49:57 IST" name="Suite" finished-at="2025-12-21T12:50:14 IST" duration-ms="16908">
    <groups>
    </groups>
    <test started-at="2025-12-21T12:49:57 IST" name="Test" finished-at="2025-12-21T12:50:14 IST" duration-ms="16908">
      <class name="com.test.project.testSelenium">
        <test-method signature="test()[pri:0, instance:com.test.project.testSelenium@6c80d78a]" started-at="2025-12-21T12:49:57 IST" name="test" finished-at="2025-12-21T12:50:14 IST" duration-ms="16863" status="PASS">
          <reporter-output>
          </reporter-output>
        </test-method> <!-- test -->
      </class> <!-- com.test.project.testSelenium -->
    </test> <!-- Test -->
  </suite> <!-- Suite -->
</testng-results>
